[EL Info]: 2017-12-27 20:24:17.76--ServerSession(2144659477)--EclipseLink, version: Eclipse Persistence Services - 2.6.4.v20160829-44060b6
[EL Info]: connection: 2017-12-27 20:24:17.979--ServerSession(2144659477)--/file:/C:/Users/igm1990/Desktop/RI-Gauss/2_cws_map_to_db_skel/target/classes/_carworkshop login successful
[EL Fine]: sql: 2017-12-27 20:24:17.982--ServerSession(2144659477)--Connection(1520927218)--ALTER TABLE TSUSTITUCIONES DROP CONSTRAINT FK_TSUSTITUCIONES_INTERVENCION_ID
[EL Fine]: sql: 2017-12-27 20:24:17.983--ServerSession(2144659477)--Connection(1520927218)--ALTER TABLE TSUSTITUCIONES DROP CONSTRAINT FK_TSUSTITUCIONES_REPUESTO_ID
[EL Fine]: sql: 2017-12-27 20:24:17.985--ServerSession(2144659477)--Connection(1520927218)--ALTER TABLE TSUSTITUCIONES DROP CONSTRAINT UNQ_TSUSTITUCIONES_0
[EL Fine]: sql: 2017-12-27 20:24:17.987--ServerSession(2144659477)--Connection(1520927218)--ALTER TABLE TMEDIOSPAGO DROP CONSTRAINT FK_TMEDIOSPAGO_CLIENTE_ID
[EL Fine]: sql: 2017-12-27 20:24:17.988--ServerSession(2144659477)--Connection(1520927218)--ALTER TABLE TMETALICOS DROP CONSTRAINT FK_TMETALICOS_ID
[EL Fine]: sql: 2017-12-27 20:24:17.989--ServerSession(2144659477)--Connection(1520927218)--ALTER TABLE TTARJETASCREDITO DROP CONSTRAINT FK_TTARJETASCREDITO_ID
[EL Fine]: sql: 2017-12-27 20:24:17.991--ServerSession(2144659477)--Connection(1520927218)--ALTER TABLE TINTERVENCIONES DROP CONSTRAINT FK_TINTERVENCIONES_MECANICO_ID
[EL Fine]: sql: 2017-12-27 20:24:17.992--ServerSession(2144659477)--Connection(1520927218)--ALTER TABLE TINTERVENCIONES DROP CONSTRAINT FK_TINTERVENCIONES_AVERIA_ID
[EL Fine]: sql: 2017-12-27 20:24:17.994--ServerSession(2144659477)--Connection(1520927218)--ALTER TABLE TINTERVENCIONES DROP CONSTRAINT UNQ_TINTERVENCIONES_0
[EL Fine]: sql: 2017-12-27 20:24:17.995--ServerSession(2144659477)--Connection(1520927218)--ALTER TABLE TVEHICULOS DROP CONSTRAINT FK_TVEHICULOS_TIPO_ID
[EL Fine]: sql: 2017-12-27 20:24:17.997--ServerSession(2144659477)--Connection(1520927218)--ALTER TABLE TVEHICULOS DROP CONSTRAINT FK_TVEHICULOS_CLIENTE_ID
[EL Fine]: sql: 2017-12-27 20:24:17.998--ServerSession(2144659477)--Connection(1520927218)--ALTER TABLE TCARGOS DROP CONSTRAINT FK_TCARGOS_FACTURA_ID
[EL Fine]: sql: 2017-12-27 20:24:18.0--ServerSession(2144659477)--Connection(1520927218)--ALTER TABLE TCARGOS DROP CONSTRAINT FK_TCARGOS_MEDIOPAGO_ID
[EL Fine]: sql: 2017-12-27 20:24:18.001--ServerSession(2144659477)--Connection(1520927218)--ALTER TABLE TCARGOS DROP CONSTRAINT UNQ_TCARGOS_0
[EL Fine]: sql: 2017-12-27 20:24:18.002--ServerSession(2144659477)--CALL 1
[EL Fine]: sql: 2017-12-27 20:24:18.004--ServerSession(2144659477)--Connection(1520927218)--ALTER TABLE TBONOS DROP CONSTRAINT FK_TBONOS_ID
[EL Fine]: sql: 2017-12-27 20:24:18.005--ServerSession(2144659477)--Connection(1520927218)--ALTER TABLE TAVERIAS DROP CONSTRAINT FK_TAVERIAS_FACTURA_ID
[EL Fine]: sql: 2017-12-27 20:24:18.007--ServerSession(2144659477)--Connection(1520927218)--ALTER TABLE TAVERIAS DROP CONSTRAINT FK_TAVERIAS_VEHICULO_ID
[EL Fine]: sql: 2017-12-27 20:24:18.008--ServerSession(2144659477)--Connection(1520927218)--ALTER TABLE TAVERIAS DROP CONSTRAINT FK_TAVERIAS_MECANICO_ID
[EL Fine]: sql: 2017-12-27 20:24:18.01--ServerSession(2144659477)--Connection(1520927218)--ALTER TABLE TAVERIAS DROP CONSTRAINT UNQ_TAVERIAS_0
[EL Fine]: sql: 2017-12-27 20:24:18.011--ServerSession(2144659477)--Connection(1520927218)--DROP TABLE TSUSTITUCIONES
[EL Fine]: sql: 2017-12-27 20:24:18.013--ServerSession(2144659477)--Connection(1520927218)--DROP TABLE TMECANICOS
[EL Fine]: sql: 2017-12-27 20:24:18.014--ServerSession(2144659477)--Connection(1520927218)--DROP TABLE TMEDIOSPAGO
[EL Fine]: sql: 2017-12-27 20:24:18.015--ServerSession(2144659477)--Connection(1520927218)--DROP TABLE TMETALICOS
[EL Fine]: sql: 2017-12-27 20:24:18.016--ServerSession(2144659477)--Connection(1520927218)--DROP TABLE TTIPOSVEHICULO
[EL Fine]: sql: 2017-12-27 20:24:18.018--ServerSession(2144659477)--Connection(1520927218)--DROP TABLE TTARJETASCREDITO
[EL Fine]: sql: 2017-12-27 20:24:18.019--ServerSession(2144659477)--Connection(1520927218)--DROP TABLE TCLIENTES
[EL Fine]: sql: 2017-12-27 20:24:18.02--ServerSession(2144659477)--Connection(1520927218)--DROP TABLE TINTERVENCIONES
[EL Fine]: sql: 2017-12-27 20:24:18.022--ServerSession(2144659477)--Connection(1520927218)--DROP TABLE TREPUESTOS
[EL Fine]: sql: 2017-12-27 20:24:18.023--ServerSession(2144659477)--Connection(1520927218)--DROP TABLE TVEHICULOS
[EL Fine]: sql: 2017-12-27 20:24:18.024--ServerSession(2144659477)--Connection(1520927218)--DROP TABLE TCARGOS
[EL Fine]: sql: 2017-12-27 20:24:18.026--ServerSession(2144659477)--Connection(1520927218)--DROP TABLE TBONOS
[EL Fine]: sql: 2017-12-27 20:24:18.027--ServerSession(2144659477)--Connection(1520927218)--DROP TABLE TAVERIAS
[EL Fine]: sql: 2017-12-27 20:24:18.028--ServerSession(2144659477)--Connection(1520927218)--DROP TABLE TFACTURAS
[EL Fine]: sql: 2017-12-27 20:24:18.029--ServerSession(2144659477)--Connection(1520927218)--CREATE TABLE TSUSTITUCIONES (ID BIGINT GENERATED BY DEFAULT AS IDENTITY (START WITH 1 INCREMENT BY 1) NOT NULL, CANTIDAD INTEGER, INTERVENCION_ID BIGINT, REPUESTO_ID BIGINT, PRIMARY KEY (ID))
[EL Fine]: sql: 2017-12-27 20:24:18.031--ServerSession(2144659477)--Connection(1520927218)--CREATE TABLE TMECANICOS (ID BIGINT GENERATED BY DEFAULT AS IDENTITY (START WITH 1 INCREMENT BY 1) NOT NULL, APELLIDOS VARCHAR(255), DNI VARCHAR(255), NOMBRE VARCHAR(255), PRIMARY KEY (ID))
[EL Fine]: sql: 2017-12-27 20:24:18.033--ServerSession(2144659477)--Connection(1520927218)--CREATE TABLE TMEDIOSPAGO (ID BIGINT GENERATED BY DEFAULT AS IDENTITY (START WITH 1 INCREMENT BY 1) NOT NULL, DTYPE VARCHAR(31), ACUMULADO REAL, CLIENTE_ID BIGINT, PRIMARY KEY (ID))
[EL Fine]: sql: 2017-12-27 20:24:18.034--ServerSession(2144659477)--Connection(1520927218)--CREATE TABLE TMETALICOS (ID BIGINT NOT NULL, PRIMARY KEY (ID))
[EL Fine]: sql: 2017-12-27 20:24:18.035--ServerSession(2144659477)--Connection(1520927218)--CREATE TABLE TTIPOSVEHICULO (ID BIGINT GENERATED BY DEFAULT AS IDENTITY (START WITH 1 INCREMENT BY 1) NOT NULL, NOMBRE VARCHAR(255), PRECIOHORA REAL, PRIMARY KEY (ID))
[EL Fine]: sql: 2017-12-27 20:24:18.037--ServerSession(2144659477)--Connection(1520927218)--CREATE TABLE TTARJETASCREDITO (ID BIGINT NOT NULL, NUMERO VARCHAR(255), TIPO VARCHAR(255), VALIDEZ DATE, PRIMARY KEY (ID))
[EL Fine]: sql: 2017-12-27 20:24:18.038--ServerSession(2144659477)--Connection(1520927218)--CREATE TABLE TCLIENTES (ID BIGINT GENERATED BY DEFAULT AS IDENTITY (START WITH 1 INCREMENT BY 1) NOT NULL, APELLIDOS VARCHAR(255), DNI VARCHAR(255), NOMBRE VARCHAR(255), CITY VARCHAR(255), STREET VARCHAR(255), ZIPCODE VARCHAR(255), PRIMARY KEY (ID))
[EL Fine]: sql: 2017-12-27 20:24:18.039--ServerSession(2144659477)--Connection(1520927218)--CREATE TABLE TINTERVENCIONES (ID BIGINT GENERATED BY DEFAULT AS IDENTITY (START WITH 1 INCREMENT BY 1) NOT NULL, MINUTOS INTEGER, AVERIA_ID BIGINT, MECANICO_ID BIGINT, PRIMARY KEY (ID))
[EL Fine]: sql: 2017-12-27 20:24:18.04--ServerSession(2144659477)--Connection(1520927218)--CREATE TABLE TREPUESTOS (ID BIGINT GENERATED BY DEFAULT AS IDENTITY (START WITH 1 INCREMENT BY 1) NOT NULL, CODIGO VARCHAR(255), DESCRIPCION VARCHAR(255), PRECIO REAL, PRIMARY KEY (ID))
[EL Fine]: sql: 2017-12-27 20:24:18.042--ServerSession(2144659477)--Connection(1520927218)--CREATE TABLE TVEHICULOS (ID BIGINT GENERATED BY DEFAULT AS IDENTITY (START WITH 1 INCREMENT BY 1) NOT NULL, MARCA VARCHAR(255), MATRICULA VARCHAR(255), MODELO VARCHAR(255), NUM_AVERIAS INTEGER, CLIENTE_ID BIGINT, TIPO_ID BIGINT, PRIMARY KEY (ID))
[EL Fine]: sql: 2017-12-27 20:24:18.043--ServerSession(2144659477)--Connection(1520927218)--CREATE TABLE TCARGOS (ID BIGINT GENERATED BY DEFAULT AS IDENTITY (START WITH 1 INCREMENT BY 1) NOT NULL, IMPORTE REAL, FACTURA_ID BIGINT, MEDIOPAGO_ID BIGINT, PRIMARY KEY (ID))
[EL Fine]: sql: 2017-12-27 20:24:18.045--ServerSession(2144659477)--Connection(1520927218)--CREATE TABLE TBONOS (ID BIGINT NOT NULL, CODIGO VARCHAR(255), DESCRIPCION VARCHAR(255), DISPONIBLE REAL, PRIMARY KEY (ID))
[EL Fine]: sql: 2017-12-27 20:24:18.046--ServerSession(2144659477)--Connection(1520927218)--CREATE TABLE TAVERIAS (ID BIGINT GENERATED BY DEFAULT AS IDENTITY (START WITH 1 INCREMENT BY 1) NOT NULL, DESCRIPCION VARCHAR(255), FECHA DATE, IMPORTE REAL, STATUS VARCHAR(255), FACTURA_ID BIGINT, MECANICO_ID BIGINT, VEHICULO_ID BIGINT, PRIMARY KEY (ID))
[EL Fine]: sql: 2017-12-27 20:24:18.047--ServerSession(2144659477)--Connection(1520927218)--CREATE TABLE TFACTURAS (ID BIGINT GENERATED BY DEFAULT AS IDENTITY (START WITH 1 INCREMENT BY 1) NOT NULL, FECHA DATE, IMPORTE REAL, IVA REAL, NUMERO BIGINT, STATUS VARCHAR(255), PRIMARY KEY (ID))
[EL Fine]: sql: 2017-12-27 20:24:18.049--ServerSession(2144659477)--Connection(1520927218)--ALTER TABLE TSUSTITUCIONES ADD CONSTRAINT UNQ_TSUSTITUCIONES_0 UNIQUE (REPUESTO_ID, INTERVENCION_ID)
[EL Fine]: sql: 2017-12-27 20:24:18.051--ServerSession(2144659477)--Connection(1520927218)--ALTER TABLE TMECANICOS ADD CONSTRAINT UNQ_TMECANICOS_2 UNIQUE (DNI)
[EL Fine]: sql: 2017-12-27 20:24:18.052--ServerSession(2144659477)--Connection(1520927218)--ALTER TABLE TTIPOSVEHICULO ADD CONSTRAINT UNQ_TTIPOSVEHICULO_1 UNIQUE (NOMBRE)
[EL Fine]: sql: 2017-12-27 20:24:18.054--ServerSession(2144659477)--Connection(1520927218)--ALTER TABLE TTARJETASCREDITO ADD CONSTRAINT UNQ_TTARJETASCREDITO_1 UNIQUE (NUMERO)
[EL Fine]: sql: 2017-12-27 20:24:18.055--ServerSession(2144659477)--Connection(1520927218)--ALTER TABLE TCLIENTES ADD CONSTRAINT UNQ_TCLIENTES_2 UNIQUE (DNI)
[EL Fine]: sql: 2017-12-27 20:24:18.057--ServerSession(2144659477)--Connection(1520927218)--ALTER TABLE TINTERVENCIONES ADD CONSTRAINT UNQ_TINTERVENCIONES_0 UNIQUE (AVERIA_ID, MECANICO_ID)
[EL Fine]: sql: 2017-12-27 20:24:18.058--ServerSession(2144659477)--Connection(1520927218)--ALTER TABLE TREPUESTOS ADD CONSTRAINT UNQ_TREPUESTOS_1 UNIQUE (CODIGO)
[EL Fine]: sql: 2017-12-27 20:24:18.059--ServerSession(2144659477)--Connection(1520927218)--ALTER TABLE TVEHICULOS ADD CONSTRAINT UNQ_TVEHICULOS_2 UNIQUE (MATRICULA)
[EL Fine]: sql: 2017-12-27 20:24:18.061--ServerSession(2144659477)--Connection(1520927218)--ALTER TABLE TCARGOS ADD CONSTRAINT UNQ_TCARGOS_0 UNIQUE (MEDIO_PAGO, FACTURA_ID)
[EL Fine]: sql: 2017-12-27 20:24:18.062--ServerSession(2144659477)--CALL 1
[EL Warning]: 2017-12-27 20:24:18.063--ServerSession(2144659477)--Exception [EclipseLink-4002] (Eclipse Persistence Services - 2.6.4.v20160829-44060b6): org.eclipse.persistence.exceptions.DatabaseException
Internal Exception: java.sql.SQLSyntaxErrorException: usuario no tiene privilegios suficientes o objeto no encontrado: MEDIO_PAGO
Error Code: -5501
Call: ALTER TABLE TCARGOS ADD CONSTRAINT UNQ_TCARGOS_0 UNIQUE (MEDIO_PAGO, FACTURA_ID)
Query: DataModifyQuery(sql="ALTER TABLE TCARGOS ADD CONSTRAINT UNQ_TCARGOS_0 UNIQUE (MEDIO_PAGO, FACTURA_ID)")
[EL Fine]: sql: 2017-12-27 20:24:18.064--ServerSession(2144659477)--Connection(1520927218)--ALTER TABLE TAVERIAS ADD CONSTRAINT UNQ_TAVERIAS_0 UNIQUE (VEHICULO_ID, FECHA)
[EL Fine]: sql: 2017-12-27 20:24:18.065--ServerSession(2144659477)--Connection(1520927218)--ALTER TABLE TFACTURAS ADD CONSTRAINT UNQ_TFACTURAS_4 UNIQUE (NUMERO)
[EL Fine]: sql: 2017-12-27 20:24:18.067--ServerSession(2144659477)--Connection(1520927218)--ALTER TABLE TSUSTITUCIONES ADD CONSTRAINT FK_TSUSTITUCIONES_INTERVENCION_ID FOREIGN KEY (INTERVENCION_ID) REFERENCES TINTERVENCIONES (ID)
[EL Fine]: sql: 2017-12-27 20:24:18.068--ServerSession(2144659477)--Connection(1520927218)--ALTER TABLE TSUSTITUCIONES ADD CONSTRAINT FK_TSUSTITUCIONES_REPUESTO_ID FOREIGN KEY (REPUESTO_ID) REFERENCES TREPUESTOS (ID)
[EL Fine]: sql: 2017-12-27 20:24:18.07--ServerSession(2144659477)--Connection(1520927218)--ALTER TABLE TMEDIOSPAGO ADD CONSTRAINT FK_TMEDIOSPAGO_CLIENTE_ID FOREIGN KEY (CLIENTE_ID) REFERENCES TCLIENTES (ID)
[EL Fine]: sql: 2017-12-27 20:24:18.072--ServerSession(2144659477)--Connection(1520927218)--ALTER TABLE TMETALICOS ADD CONSTRAINT FK_TMETALICOS_ID FOREIGN KEY (ID) REFERENCES TMEDIOSPAGO (ID)
[EL Fine]: sql: 2017-12-27 20:24:18.073--ServerSession(2144659477)--Connection(1520927218)--ALTER TABLE TTARJETASCREDITO ADD CONSTRAINT FK_TTARJETASCREDITO_ID FOREIGN KEY (ID) REFERENCES TMEDIOSPAGO (ID)
[EL Fine]: sql: 2017-12-27 20:24:18.075--ServerSession(2144659477)--Connection(1520927218)--ALTER TABLE TINTERVENCIONES ADD CONSTRAINT FK_TINTERVENCIONES_MECANICO_ID FOREIGN KEY (MECANICO_ID) REFERENCES TMECANICOS (ID)
[EL Fine]: sql: 2017-12-27 20:24:18.076--ServerSession(2144659477)--Connection(1520927218)--ALTER TABLE TINTERVENCIONES ADD CONSTRAINT FK_TINTERVENCIONES_AVERIA_ID FOREIGN KEY (AVERIA_ID) REFERENCES TAVERIAS (ID)
[EL Fine]: sql: 2017-12-27 20:24:18.077--ServerSession(2144659477)--Connection(1520927218)--ALTER TABLE TVEHICULOS ADD CONSTRAINT FK_TVEHICULOS_TIPO_ID FOREIGN KEY (TIPO_ID) REFERENCES TTIPOSVEHICULO (ID)
[EL Fine]: sql: 2017-12-27 20:24:18.079--ServerSession(2144659477)--Connection(1520927218)--ALTER TABLE TVEHICULOS ADD CONSTRAINT FK_TVEHICULOS_CLIENTE_ID FOREIGN KEY (CLIENTE_ID) REFERENCES TCLIENTES (ID)
[EL Fine]: sql: 2017-12-27 20:24:18.08--ServerSession(2144659477)--Connection(1520927218)--ALTER TABLE TCARGOS ADD CONSTRAINT FK_TCARGOS_FACTURA_ID FOREIGN KEY (FACTURA_ID) REFERENCES TFACTURAS (ID)
[EL Fine]: sql: 2017-12-27 20:24:18.081--ServerSession(2144659477)--Connection(1520927218)--ALTER TABLE TCARGOS ADD CONSTRAINT FK_TCARGOS_MEDIOPAGO_ID FOREIGN KEY (MEDIOPAGO_ID) REFERENCES TMEDIOSPAGO (ID)
[EL Fine]: sql: 2017-12-27 20:24:18.082--ServerSession(2144659477)--Connection(1520927218)--ALTER TABLE TBONOS ADD CONSTRAINT FK_TBONOS_ID FOREIGN KEY (ID) REFERENCES TMEDIOSPAGO (ID)
[EL Fine]: sql: 2017-12-27 20:24:18.083--ServerSession(2144659477)--Connection(1520927218)--ALTER TABLE TAVERIAS ADD CONSTRAINT FK_TAVERIAS_FACTURA_ID FOREIGN KEY (FACTURA_ID) REFERENCES TFACTURAS (ID)
[EL Fine]: sql: 2017-12-27 20:24:18.084--ServerSession(2144659477)--Connection(1520927218)--ALTER TABLE TAVERIAS ADD CONSTRAINT FK_TAVERIAS_VEHICULO_ID FOREIGN KEY (VEHICULO_ID) REFERENCES TVEHICULOS (ID)
[EL Fine]: sql: 2017-12-27 20:24:18.086--ServerSession(2144659477)--Connection(1520927218)--ALTER TABLE TAVERIAS ADD CONSTRAINT FK_TAVERIAS_MECANICO_ID FOREIGN KEY (MECANICO_ID) REFERENCES TMECANICOS (ID)
[EL Fine]: sql: 2017-12-27 20:24:18.104--ClientSession(455404074)--Connection(1520927218)--INSERT INTO TFACTURAS (FECHA, IMPORTE, IVA, NUMERO, STATUS) VALUES (?, ?, ?, ?, ?)
	bind => [5 parameters bound]
[EL Fine]: sql: 2017-12-27 20:24:18.105--ClientSession(455404074)--Connection(1520927218)--CALL IDENTITY()
[EL Fine]: sql: 2017-12-27 20:24:18.107--ClientSession(455404074)--Connection(1520927218)--INSERT INTO TMECANICOS (APELLIDOS, DNI, NOMBRE) VALUES (?, ?, ?)
	bind => [3 parameters bound]
[EL Fine]: sql: 2017-12-27 20:24:18.108--ClientSession(455404074)--Connection(1520927218)--CALL IDENTITY()
[EL Fine]: sql: 2017-12-27 20:24:18.109--ClientSession(455404074)--Connection(1520927218)--INSERT INTO TCLIENTES (APELLIDOS, DNI, NOMBRE, CITY, STREET, ZIPCODE) VALUES (?, ?, ?, ?, ?, ?)
	bind => [6 parameters bound]
[EL Fine]: sql: 2017-12-27 20:24:18.11--ClientSession(455404074)--Connection(1520927218)--CALL IDENTITY()
[EL Fine]: sql: 2017-12-27 20:24:18.111--ClientSession(455404074)--Connection(1520927218)--INSERT INTO TTIPOSVEHICULO (NOMBRE, PRECIOHORA) VALUES (?, ?)
	bind => [2 parameters bound]
[EL Fine]: sql: 2017-12-27 20:24:18.112--ClientSession(455404074)--Connection(1520927218)--CALL IDENTITY()
[EL Fine]: sql: 2017-12-27 20:24:18.114--ClientSession(455404074)--Connection(1520927218)--INSERT INTO TVEHICULOS (MARCA, MATRICULA, MODELO, NUM_AVERIAS, CLIENTE_ID, TIPO_ID) VALUES (?, ?, ?, ?, ?, ?)
	bind => [6 parameters bound]
[EL Fine]: sql: 2017-12-27 20:24:18.115--ClientSession(455404074)--Connection(1520927218)--CALL IDENTITY()
[EL Fine]: sql: 2017-12-27 20:24:18.116--ClientSession(455404074)--Connection(1520927218)--INSERT INTO TAVERIAS (DESCRIPCION, FECHA, IMPORTE, STATUS, FACTURA_ID, MECANICO_ID, VEHICULO_ID) VALUES (?, ?, ?, ?, ?, ?, ?)
	bind => [7 parameters bound]
[EL Fine]: sql: 2017-12-27 20:24:18.118--ClientSession(455404074)--Connection(1520927218)--CALL IDENTITY()
[EL Fine]: sql: 2017-12-27 20:24:18.12--ClientSession(455404074)--Connection(1520927218)--INSERT INTO TMEDIOSPAGO (ACUMULADO, CLIENTE_ID, DTYPE) VALUES (?, ?, ?)
	bind => [3 parameters bound]
[EL Fine]: sql: 2017-12-27 20:24:18.121--ClientSession(455404074)--Connection(1520927218)--CALL IDENTITY()
[EL Fine]: sql: 2017-12-27 20:24:18.123--ClientSession(455404074)--Connection(1520927218)--INSERT INTO TMEDIOSPAGO (ACUMULADO, CLIENTE_ID, DTYPE) VALUES (?, ?, ?)
	bind => [3 parameters bound]
[EL Fine]: sql: 2017-12-27 20:24:18.124--ClientSession(455404074)--Connection(1520927218)--CALL IDENTITY()
[EL Fine]: sql: 2017-12-27 20:24:18.126--ClientSession(455404074)--Connection(1520927218)--INSERT INTO TMEDIOSPAGO (ACUMULADO, CLIENTE_ID, DTYPE) VALUES (?, ?, ?)
	bind => [3 parameters bound]
[EL Fine]: sql: 2017-12-27 20:24:18.127--ClientSession(455404074)--Connection(1520927218)--CALL IDENTITY()
[EL Fine]: sql: 2017-12-27 20:24:18.129--ClientSession(455404074)--Connection(1520927218)--INSERT INTO TCARGOS (IMPORTE, FACTURA_ID, MEDIOPAGO_ID) VALUES (?, ?, ?)
	bind => [3 parameters bound]
[EL Fine]: sql: 2017-12-27 20:24:18.13--ClientSession(455404074)--Connection(1520927218)--CALL IDENTITY()
[EL Fine]: sql: 2017-12-27 20:24:18.131--ClientSession(455404074)--Connection(1520927218)--INSERT INTO TINTERVENCIONES (MINUTOS, AVERIA_ID, MECANICO_ID) VALUES (?, ?, ?)
	bind => [3 parameters bound]
[EL Fine]: sql: 2017-12-27 20:24:18.132--ClientSession(455404074)--Connection(1520927218)--CALL IDENTITY()
[EL Fine]: sql: 2017-12-27 20:24:18.134--ClientSession(455404074)--Connection(1520927218)--INSERT INTO TREPUESTOS (CODIGO, DESCRIPCION, PRECIO) VALUES (?, ?, ?)
	bind => [3 parameters bound]
[EL Fine]: sql: 2017-12-27 20:24:18.135--ClientSession(455404074)--Connection(1520927218)--CALL IDENTITY()
[EL Fine]: sql: 2017-12-27 20:24:18.136--ClientSession(455404074)--Connection(1520927218)--INSERT INTO TSUSTITUCIONES (CANTIDAD, INTERVENCION_ID, REPUESTO_ID) VALUES (?, ?, ?)
	bind => [3 parameters bound]
[EL Fine]: sql: 2017-12-27 20:24:18.137--ClientSession(455404074)--Connection(1520927218)--CALL IDENTITY()
[EL Fine]: sql: 2017-12-27 20:24:18.139--ClientSession(455404074)--Connection(1520927218)--INSERT INTO TBONOS (CODIGO, DESCRIPCION, DISPONIBLE, ID) VALUES (?, ?, ?, ?)
	bind => [4 parameters bound]
[EL Fine]: sql: 2017-12-27 20:24:18.139--ClientSession(455404074)--Connection(1520927218)--INSERT INTO TMETALICOS (ID) VALUES (?)
	bind => [1 parameter bound]
[EL Fine]: sql: 2017-12-27 20:24:18.14--ClientSession(455404074)--Connection(1520927218)--INSERT INTO TTARJETASCREDITO (NUMERO, TIPO, VALIDEZ, ID) VALUES (?, ?, ?, ?)
	bind => [4 parameters bound]
[EL Fine]: sql: 2017-12-27 20:24:18.155--ClientSession(2100073313)--Connection(1520927218)--DELETE FROM TSUSTITUCIONES WHERE (ID = ?)
	bind => [1 parameter bound]
[EL Fine]: sql: 2017-12-27 20:24:18.157--ClientSession(2100073313)--Connection(1520927218)--DELETE FROM TREPUESTOS WHERE (ID = ?)
	bind => [1 parameter bound]
[EL Fine]: sql: 2017-12-27 20:24:18.158--ClientSession(2100073313)--Connection(1520927218)--DELETE FROM TINTERVENCIONES WHERE (ID = ?)
	bind => [1 parameter bound]
[EL Fine]: sql: 2017-12-27 20:24:18.159--ClientSession(2100073313)--Connection(1520927218)--DELETE FROM TCARGOS WHERE (ID = ?)
	bind => [1 parameter bound]
[EL Fine]: sql: 2017-12-27 20:24:18.16--ClientSession(2100073313)--Connection(1520927218)--DELETE FROM TTARJETASCREDITO WHERE (ID = ?)
	bind => [1 parameter bound]
[EL Fine]: sql: 2017-12-27 20:24:18.161--ClientSession(2100073313)--Connection(1520927218)--DELETE FROM TMEDIOSPAGO WHERE (ID = ?)
	bind => [1 parameter bound]
[EL Fine]: sql: 2017-12-27 20:24:18.162--ClientSession(2100073313)--Connection(1520927218)--DELETE FROM TMETALICOS WHERE (ID = ?)
	bind => [1 parameter bound]
[EL Fine]: sql: 2017-12-27 20:24:18.163--ClientSession(2100073313)--Connection(1520927218)--DELETE FROM TMEDIOSPAGO WHERE (ID = ?)
	bind => [1 parameter bound]
[EL Fine]: sql: 2017-12-27 20:24:18.164--ClientSession(2100073313)--Connection(1520927218)--DELETE FROM TBONOS WHERE (ID = ?)
	bind => [1 parameter bound]
[EL Fine]: sql: 2017-12-27 20:24:18.164--ClientSession(2100073313)--Connection(1520927218)--DELETE FROM TMEDIOSPAGO WHERE (ID = ?)
	bind => [1 parameter bound]
[EL Fine]: sql: 2017-12-27 20:24:18.165--ClientSession(2100073313)--Connection(1520927218)--DELETE FROM TAVERIAS WHERE (ID = ?)
	bind => [1 parameter bound]
[EL Fine]: sql: 2017-12-27 20:24:18.166--ClientSession(2100073313)--Connection(1520927218)--DELETE FROM TVEHICULOS WHERE (ID = ?)
	bind => [1 parameter bound]
[EL Fine]: sql: 2017-12-27 20:24:18.167--ClientSession(2100073313)--Connection(1520927218)--DELETE FROM TTIPOSVEHICULO WHERE (ID = ?)
	bind => [1 parameter bound]
[EL Fine]: sql: 2017-12-27 20:24:18.168--ClientSession(2100073313)--Connection(1520927218)--DELETE FROM TCLIENTES WHERE (ID = ?)
	bind => [1 parameter bound]
[EL Fine]: sql: 2017-12-27 20:24:18.169--ClientSession(2100073313)--Connection(1520927218)--DELETE FROM TMECANICOS WHERE (ID = ?)
	bind => [1 parameter bound]
[EL Fine]: sql: 2017-12-27 20:24:18.17--ClientSession(2100073313)--Connection(1520927218)--DELETE FROM TFACTURAS WHERE (ID = ?)
	bind => [1 parameter bound]
[EL Info]: connection: 2017-12-27 20:24:18.172--ServerSession(2144659477)--/file:/C:/Users/igm1990/Desktop/RI-Gauss/2_cws_map_to_db_skel/target/classes/_carworkshop logout successful
