[EL Info]: 2018-01-07 23:06:34.608--ServerSession(1499588909)--EclipseLink, version: Eclipse Persistence Services - 2.6.4.v20160829-44060b6
[EL Info]: connection: 2018-01-07 23:06:34.957--ServerSession(1499588909)--/file:/C:/Users/igm1990/Desktop/RI-Gauss/2_cws_map_to_db_skel2_ampliacion/target/classes/_carworkshop login successful
[EL Fine]: sql: 2018-01-07 23:06:34.968--ServerSession(1499588909)--Connection(2085813377)--ALTER TABLE TRECOMENDACIONES DROP CONSTRAINT FK_TRECOMENDACIONES_RECOMENDADOS_ID
[EL Fine]: sql: 2018-01-07 23:06:35.01--ServerSession(1499588909)--CALL 1
[EL Fine]: sql: 2018-01-07 23:06:35.012--ServerSession(1499588909)--Connection(2085813377)--ALTER TABLE TRECOMENDACIONES DROP CONSTRAINT FK_TRECOMENDACIONES_RECOMENDADOR_ID
[EL Fine]: sql: 2018-01-07 23:06:35.012--ServerSession(1499588909)--CALL 1
[EL Fine]: sql: 2018-01-07 23:06:35.013--ServerSession(1499588909)--Connection(2085813377)--ALTER TABLE TSUSTITUCIONES DROP CONSTRAINT FK_TSUSTITUCIONES_INTERVENCION_ID
[EL Fine]: sql: 2018-01-07 23:06:35.013--ServerSession(1499588909)--CALL 1
[EL Fine]: sql: 2018-01-07 23:06:35.014--ServerSession(1499588909)--Connection(2085813377)--ALTER TABLE TSUSTITUCIONES DROP CONSTRAINT FK_TSUSTITUCIONES_REPUESTO_ID
[EL Fine]: sql: 2018-01-07 23:06:35.014--ServerSession(1499588909)--CALL 1
[EL Fine]: sql: 2018-01-07 23:06:35.014--ServerSession(1499588909)--Connection(2085813377)--ALTER TABLE TSUSTITUCIONES DROP CONSTRAINT UNQ_TSUSTITUCIONES_0
[EL Fine]: sql: 2018-01-07 23:06:35.015--ServerSession(1499588909)--CALL 1
[EL Fine]: sql: 2018-01-07 23:06:35.015--ServerSession(1499588909)--Connection(2085813377)--ALTER TABLE TMEDIOSPAGO DROP CONSTRAINT FK_TMEDIOSPAGO_CLIENTE_ID
[EL Fine]: sql: 2018-01-07 23:06:35.016--ServerSession(1499588909)--CALL 1
[EL Fine]: sql: 2018-01-07 23:06:35.016--ServerSession(1499588909)--Connection(2085813377)--ALTER TABLE TMETALICOS DROP CONSTRAINT FK_TMETALICOS_ID
[EL Fine]: sql: 2018-01-07 23:06:35.017--ServerSession(1499588909)--CALL 1
[EL Fine]: sql: 2018-01-07 23:06:35.017--ServerSession(1499588909)--Connection(2085813377)--ALTER TABLE TTARJETASCREDITO DROP CONSTRAINT FK_TTARJETASCREDITO_ID
[EL Fine]: sql: 2018-01-07 23:06:35.017--ServerSession(1499588909)--CALL 1
[EL Fine]: sql: 2018-01-07 23:06:35.018--ServerSession(1499588909)--Connection(2085813377)--ALTER TABLE TCLIENTES DROP CONSTRAINT FK_TCLIENTES_RRECIBIDA_ID
[EL Fine]: sql: 2018-01-07 23:06:35.018--ServerSession(1499588909)--CALL 1
[EL Fine]: sql: 2018-01-07 23:06:35.019--ServerSession(1499588909)--Connection(2085813377)--ALTER TABLE TCARGOS DROP CONSTRAINT FK_TCARGOS_FACTURA_ID
[EL Fine]: sql: 2018-01-07 23:06:35.019--ServerSession(1499588909)--CALL 1
[EL Fine]: sql: 2018-01-07 23:06:35.02--ServerSession(1499588909)--Connection(2085813377)--ALTER TABLE TCARGOS DROP CONSTRAINT FK_TCARGOS_MEDIOPAGO_ID
[EL Fine]: sql: 2018-01-07 23:06:35.02--ServerSession(1499588909)--CALL 1
[EL Fine]: sql: 2018-01-07 23:06:35.02--ServerSession(1499588909)--Connection(2085813377)--ALTER TABLE TCARGOS DROP CONSTRAINT UNQ_TCARGOS_0
[EL Fine]: sql: 2018-01-07 23:06:35.021--ServerSession(1499588909)--CALL 1
[EL Fine]: sql: 2018-01-07 23:06:35.021--ServerSession(1499588909)--Connection(2085813377)--ALTER TABLE TINTERVENCIONES DROP CONSTRAINT FK_TINTERVENCIONES_MECANICO_ID
[EL Fine]: sql: 2018-01-07 23:06:35.021--ServerSession(1499588909)--CALL 1
[EL Fine]: sql: 2018-01-07 23:06:35.022--ServerSession(1499588909)--Connection(2085813377)--ALTER TABLE TINTERVENCIONES DROP CONSTRAINT FK_TINTERVENCIONES_AVERIA_ID
[EL Fine]: sql: 2018-01-07 23:06:35.022--ServerSession(1499588909)--CALL 1
[EL Fine]: sql: 2018-01-07 23:06:35.023--ServerSession(1499588909)--Connection(2085813377)--ALTER TABLE TINTERVENCIONES DROP CONSTRAINT UNQ_TINTERVENCIONES_0
[EL Fine]: sql: 2018-01-07 23:06:35.023--ServerSession(1499588909)--CALL 1
[EL Fine]: sql: 2018-01-07 23:06:35.023--ServerSession(1499588909)--Connection(2085813377)--ALTER TABLE TVEHICULOS DROP CONSTRAINT FK_TVEHICULOS_TIPO_ID
[EL Fine]: sql: 2018-01-07 23:06:35.024--ServerSession(1499588909)--CALL 1
[EL Fine]: sql: 2018-01-07 23:06:35.025--ServerSession(1499588909)--Connection(2085813377)--ALTER TABLE TVEHICULOS DROP CONSTRAINT FK_TVEHICULOS_CLIENTE_ID
[EL Fine]: sql: 2018-01-07 23:06:35.025--ServerSession(1499588909)--CALL 1
[EL Fine]: sql: 2018-01-07 23:06:35.025--ServerSession(1499588909)--Connection(2085813377)--ALTER TABLE TBONOS DROP CONSTRAINT FK_TBONOS_ID
[EL Fine]: sql: 2018-01-07 23:06:35.026--ServerSession(1499588909)--CALL 1
[EL Fine]: sql: 2018-01-07 23:06:35.026--ServerSession(1499588909)--Connection(2085813377)--ALTER TABLE TAVERIAS DROP CONSTRAINT FK_TAVERIAS_FACTURA_ID
[EL Fine]: sql: 2018-01-07 23:06:35.026--ServerSession(1499588909)--CALL 1
[EL Fine]: sql: 2018-01-07 23:06:35.027--ServerSession(1499588909)--Connection(2085813377)--ALTER TABLE TAVERIAS DROP CONSTRAINT FK_TAVERIAS_VEHICULO_ID
[EL Fine]: sql: 2018-01-07 23:06:35.027--ServerSession(1499588909)--CALL 1
[EL Fine]: sql: 2018-01-07 23:06:35.027--ServerSession(1499588909)--Connection(2085813377)--ALTER TABLE TAVERIAS DROP CONSTRAINT FK_TAVERIAS_MECANICO_ID
[EL Fine]: sql: 2018-01-07 23:06:35.028--ServerSession(1499588909)--CALL 1
[EL Fine]: sql: 2018-01-07 23:06:35.028--ServerSession(1499588909)--Connection(2085813377)--ALTER TABLE TAVERIAS DROP CONSTRAINT UNQ_TAVERIAS_0
[EL Fine]: sql: 2018-01-07 23:06:35.028--ServerSession(1499588909)--CALL 1
[EL Fine]: sql: 2018-01-07 23:06:35.029--ServerSession(1499588909)--Connection(2085813377)--DROP TABLE TRECOMENDACIONES
[EL Fine]: sql: 2018-01-07 23:06:35.029--ServerSession(1499588909)--CALL 1
[EL Fine]: sql: 2018-01-07 23:06:35.03--ServerSession(1499588909)--Connection(2085813377)--DROP TABLE TSUSTITUCIONES
[EL Fine]: sql: 2018-01-07 23:06:35.03--ServerSession(1499588909)--CALL 1
[EL Fine]: sql: 2018-01-07 23:06:35.03--ServerSession(1499588909)--Connection(2085813377)--DROP TABLE TMEDIOSPAGO
[EL Fine]: sql: 2018-01-07 23:06:35.031--ServerSession(1499588909)--CALL 1
[EL Fine]: sql: 2018-01-07 23:06:35.031--ServerSession(1499588909)--Connection(2085813377)--DROP TABLE TMETALICOS
[EL Fine]: sql: 2018-01-07 23:06:35.031--ServerSession(1499588909)--CALL 1
[EL Fine]: sql: 2018-01-07 23:06:35.032--ServerSession(1499588909)--Connection(2085813377)--DROP TABLE TTARJETASCREDITO
[EL Fine]: sql: 2018-01-07 23:06:35.032--ServerSession(1499588909)--CALL 1
[EL Fine]: sql: 2018-01-07 23:06:35.033--ServerSession(1499588909)--Connection(2085813377)--DROP TABLE TCLIENTES
[EL Fine]: sql: 2018-01-07 23:06:35.033--ServerSession(1499588909)--CALL 1
[EL Fine]: sql: 2018-01-07 23:06:35.034--ServerSession(1499588909)--Connection(2085813377)--DROP TABLE TCARGOS
[EL Fine]: sql: 2018-01-07 23:06:35.034--ServerSession(1499588909)--CALL 1
[EL Fine]: sql: 2018-01-07 23:06:35.035--ServerSession(1499588909)--Connection(2085813377)--DROP TABLE TMECANICOS
[EL Fine]: sql: 2018-01-07 23:06:35.035--ServerSession(1499588909)--CALL 1
[EL Fine]: sql: 2018-01-07 23:06:35.035--ServerSession(1499588909)--Connection(2085813377)--DROP TABLE TTIPOSVEHICULO
[EL Fine]: sql: 2018-01-07 23:06:35.036--ServerSession(1499588909)--CALL 1
[EL Fine]: sql: 2018-01-07 23:06:35.036--ServerSession(1499588909)--Connection(2085813377)--DROP TABLE TINTERVENCIONES
[EL Fine]: sql: 2018-01-07 23:06:35.036--ServerSession(1499588909)--CALL 1
[EL Fine]: sql: 2018-01-07 23:06:35.037--ServerSession(1499588909)--Connection(2085813377)--DROP TABLE TREPUESTOS
[EL Fine]: sql: 2018-01-07 23:06:35.037--ServerSession(1499588909)--CALL 1
[EL Fine]: sql: 2018-01-07 23:06:35.038--ServerSession(1499588909)--Connection(2085813377)--DROP TABLE TVEHICULOS
[EL Fine]: sql: 2018-01-07 23:06:35.038--ServerSession(1499588909)--CALL 1
[EL Fine]: sql: 2018-01-07 23:06:35.038--ServerSession(1499588909)--Connection(2085813377)--DROP TABLE TBONOS
[EL Fine]: sql: 2018-01-07 23:06:35.039--ServerSession(1499588909)--CALL 1
[EL Fine]: sql: 2018-01-07 23:06:35.039--ServerSession(1499588909)--Connection(2085813377)--DROP TABLE TAVERIAS
[EL Fine]: sql: 2018-01-07 23:06:35.039--ServerSession(1499588909)--CALL 1
[EL Fine]: sql: 2018-01-07 23:06:35.04--ServerSession(1499588909)--Connection(2085813377)--DROP TABLE TFACTURAS
[EL Fine]: sql: 2018-01-07 23:06:35.04--ServerSession(1499588909)--CALL 1
[EL Fine]: sql: 2018-01-07 23:06:35.041--ServerSession(1499588909)--Connection(2085813377)--DROP TABLE TRECOMENDACIONES
[EL Fine]: sql: 2018-01-07 23:06:35.041--ServerSession(1499588909)--CALL 1
[EL Fine]: sql: 2018-01-07 23:06:35.041--ServerSession(1499588909)--Connection(2085813377)--DROP TABLE TSUSTITUCIONES
[EL Fine]: sql: 2018-01-07 23:06:35.042--ServerSession(1499588909)--CALL 1
[EL Fine]: sql: 2018-01-07 23:06:35.042--ServerSession(1499588909)--Connection(2085813377)--DROP TABLE TMEDIOSPAGO
[EL Fine]: sql: 2018-01-07 23:06:35.042--ServerSession(1499588909)--CALL 1
[EL Fine]: sql: 2018-01-07 23:06:35.043--ServerSession(1499588909)--Connection(2085813377)--DROP TABLE TMETALICOS
[EL Fine]: sql: 2018-01-07 23:06:35.043--ServerSession(1499588909)--CALL 1
[EL Fine]: sql: 2018-01-07 23:06:35.044--ServerSession(1499588909)--Connection(2085813377)--DROP TABLE TTARJETASCREDITO
[EL Fine]: sql: 2018-01-07 23:06:35.044--ServerSession(1499588909)--CALL 1
[EL Fine]: sql: 2018-01-07 23:06:35.045--ServerSession(1499588909)--Connection(2085813377)--DROP TABLE TCLIENTES
[EL Fine]: sql: 2018-01-07 23:06:35.045--ServerSession(1499588909)--CALL 1
[EL Fine]: sql: 2018-01-07 23:06:35.046--ServerSession(1499588909)--Connection(2085813377)--DROP TABLE TCARGOS
[EL Fine]: sql: 2018-01-07 23:06:35.046--ServerSession(1499588909)--CALL 1
[EL Fine]: sql: 2018-01-07 23:06:35.046--ServerSession(1499588909)--Connection(2085813377)--DROP TABLE TMECANICOS
[EL Fine]: sql: 2018-01-07 23:06:35.047--ServerSession(1499588909)--CALL 1
[EL Fine]: sql: 2018-01-07 23:06:35.047--ServerSession(1499588909)--Connection(2085813377)--DROP TABLE TTIPOSVEHICULO
[EL Fine]: sql: 2018-01-07 23:06:35.047--ServerSession(1499588909)--CALL 1
[EL Fine]: sql: 2018-01-07 23:06:35.049--ServerSession(1499588909)--Connection(2085813377)--DROP TABLE TINTERVENCIONES
[EL Fine]: sql: 2018-01-07 23:06:35.049--ServerSession(1499588909)--CALL 1
[EL Fine]: sql: 2018-01-07 23:06:35.05--ServerSession(1499588909)--Connection(2085813377)--DROP TABLE TREPUESTOS
[EL Fine]: sql: 2018-01-07 23:06:35.05--ServerSession(1499588909)--CALL 1
[EL Fine]: sql: 2018-01-07 23:06:35.051--ServerSession(1499588909)--Connection(2085813377)--DROP TABLE TVEHICULOS
[EL Fine]: sql: 2018-01-07 23:06:35.051--ServerSession(1499588909)--CALL 1
[EL Fine]: sql: 2018-01-07 23:06:35.051--ServerSession(1499588909)--Connection(2085813377)--DROP TABLE TBONOS
[EL Fine]: sql: 2018-01-07 23:06:35.052--ServerSession(1499588909)--CALL 1
[EL Fine]: sql: 2018-01-07 23:06:35.052--ServerSession(1499588909)--Connection(2085813377)--DROP TABLE TAVERIAS
[EL Fine]: sql: 2018-01-07 23:06:35.053--ServerSession(1499588909)--CALL 1
[EL Fine]: sql: 2018-01-07 23:06:35.053--ServerSession(1499588909)--Connection(2085813377)--DROP TABLE TFACTURAS
[EL Fine]: sql: 2018-01-07 23:06:35.053--ServerSession(1499588909)--CALL 1
[EL Fine]: sql: 2018-01-07 23:06:35.054--ServerSession(1499588909)--Connection(2085813377)--DROP TABLE TRECOMENDACIONES
[EL Fine]: sql: 2018-01-07 23:06:35.054--ServerSession(1499588909)--CALL 1
[EL Fine]: sql: 2018-01-07 23:06:35.054--ServerSession(1499588909)--Connection(2085813377)--DROP TABLE TSUSTITUCIONES
[EL Fine]: sql: 2018-01-07 23:06:35.055--ServerSession(1499588909)--CALL 1
[EL Fine]: sql: 2018-01-07 23:06:35.055--ServerSession(1499588909)--Connection(2085813377)--DROP TABLE TMEDIOSPAGO
[EL Fine]: sql: 2018-01-07 23:06:35.055--ServerSession(1499588909)--CALL 1
[EL Fine]: sql: 2018-01-07 23:06:35.056--ServerSession(1499588909)--Connection(2085813377)--DROP TABLE TMETALICOS
[EL Fine]: sql: 2018-01-07 23:06:35.056--ServerSession(1499588909)--CALL 1
[EL Fine]: sql: 2018-01-07 23:06:35.057--ServerSession(1499588909)--Connection(2085813377)--DROP TABLE TTARJETASCREDITO
[EL Fine]: sql: 2018-01-07 23:06:35.057--ServerSession(1499588909)--CALL 1
[EL Fine]: sql: 2018-01-07 23:06:35.057--ServerSession(1499588909)--Connection(2085813377)--DROP TABLE TCLIENTES
[EL Fine]: sql: 2018-01-07 23:06:35.058--ServerSession(1499588909)--CALL 1
[EL Fine]: sql: 2018-01-07 23:06:35.058--ServerSession(1499588909)--Connection(2085813377)--DROP TABLE TCARGOS
[EL Fine]: sql: 2018-01-07 23:06:35.058--ServerSession(1499588909)--CALL 1
[EL Fine]: sql: 2018-01-07 23:06:35.059--ServerSession(1499588909)--Connection(2085813377)--DROP TABLE TMECANICOS
[EL Fine]: sql: 2018-01-07 23:06:35.059--ServerSession(1499588909)--CALL 1
[EL Fine]: sql: 2018-01-07 23:06:35.059--ServerSession(1499588909)--Connection(2085813377)--DROP TABLE TTIPOSVEHICULO
[EL Fine]: sql: 2018-01-07 23:06:35.06--ServerSession(1499588909)--CALL 1
[EL Fine]: sql: 2018-01-07 23:06:35.06--ServerSession(1499588909)--Connection(2085813377)--DROP TABLE TINTERVENCIONES
[EL Fine]: sql: 2018-01-07 23:06:35.061--ServerSession(1499588909)--CALL 1
[EL Fine]: sql: 2018-01-07 23:06:35.061--ServerSession(1499588909)--Connection(2085813377)--DROP TABLE TREPUESTOS
[EL Fine]: sql: 2018-01-07 23:06:35.061--ServerSession(1499588909)--CALL 1
[EL Fine]: sql: 2018-01-07 23:06:35.062--ServerSession(1499588909)--Connection(2085813377)--DROP TABLE TVEHICULOS
[EL Fine]: sql: 2018-01-07 23:06:35.063--ServerSession(1499588909)--CALL 1
[EL Fine]: sql: 2018-01-07 23:06:35.063--ServerSession(1499588909)--Connection(2085813377)--DROP TABLE TBONOS
[EL Fine]: sql: 2018-01-07 23:06:35.063--ServerSession(1499588909)--CALL 1
[EL Fine]: sql: 2018-01-07 23:06:35.064--ServerSession(1499588909)--Connection(2085813377)--DROP TABLE TAVERIAS
[EL Fine]: sql: 2018-01-07 23:06:35.064--ServerSession(1499588909)--CALL 1
[EL Fine]: sql: 2018-01-07 23:06:35.064--ServerSession(1499588909)--Connection(2085813377)--DROP TABLE TFACTURAS
[EL Fine]: sql: 2018-01-07 23:06:35.064--ServerSession(1499588909)--CALL 1
[EL Fine]: sql: 2018-01-07 23:06:35.065--ServerSession(1499588909)--Connection(2085813377)--DROP TABLE TRECOMENDACIONES
[EL Fine]: sql: 2018-01-07 23:06:35.065--ServerSession(1499588909)--CALL 1
[EL Fine]: sql: 2018-01-07 23:06:35.066--ServerSession(1499588909)--Connection(2085813377)--DROP TABLE TSUSTITUCIONES
[EL Fine]: sql: 2018-01-07 23:06:35.066--ServerSession(1499588909)--CALL 1
[EL Fine]: sql: 2018-01-07 23:06:35.066--ServerSession(1499588909)--Connection(2085813377)--DROP TABLE TMEDIOSPAGO
[EL Fine]: sql: 2018-01-07 23:06:35.067--ServerSession(1499588909)--CALL 1
[EL Fine]: sql: 2018-01-07 23:06:35.067--ServerSession(1499588909)--Connection(2085813377)--DROP TABLE TMETALICOS
[EL Fine]: sql: 2018-01-07 23:06:35.067--ServerSession(1499588909)--CALL 1
[EL Fine]: sql: 2018-01-07 23:06:35.068--ServerSession(1499588909)--Connection(2085813377)--DROP TABLE TTARJETASCREDITO
[EL Fine]: sql: 2018-01-07 23:06:35.068--ServerSession(1499588909)--CALL 1
[EL Fine]: sql: 2018-01-07 23:06:35.068--ServerSession(1499588909)--Connection(2085813377)--DROP TABLE TCLIENTES
[EL Fine]: sql: 2018-01-07 23:06:35.069--ServerSession(1499588909)--CALL 1
[EL Fine]: sql: 2018-01-07 23:06:35.069--ServerSession(1499588909)--Connection(2085813377)--DROP TABLE TCARGOS
[EL Fine]: sql: 2018-01-07 23:06:35.069--ServerSession(1499588909)--CALL 1
[EL Fine]: sql: 2018-01-07 23:06:35.07--ServerSession(1499588909)--Connection(2085813377)--DROP TABLE TMECANICOS
[EL Fine]: sql: 2018-01-07 23:06:35.07--ServerSession(1499588909)--CALL 1
[EL Fine]: sql: 2018-01-07 23:06:35.071--ServerSession(1499588909)--Connection(2085813377)--DROP TABLE TTIPOSVEHICULO
[EL Fine]: sql: 2018-01-07 23:06:35.071--ServerSession(1499588909)--CALL 1
[EL Fine]: sql: 2018-01-07 23:06:35.071--ServerSession(1499588909)--Connection(2085813377)--DROP TABLE TINTERVENCIONES
[EL Fine]: sql: 2018-01-07 23:06:35.072--ServerSession(1499588909)--CALL 1
[EL Fine]: sql: 2018-01-07 23:06:35.072--ServerSession(1499588909)--Connection(2085813377)--DROP TABLE TREPUESTOS
[EL Fine]: sql: 2018-01-07 23:06:35.073--ServerSession(1499588909)--CALL 1
[EL Fine]: sql: 2018-01-07 23:06:35.073--ServerSession(1499588909)--Connection(2085813377)--DROP TABLE TVEHICULOS
[EL Fine]: sql: 2018-01-07 23:06:35.073--ServerSession(1499588909)--CALL 1
[EL Fine]: sql: 2018-01-07 23:06:35.074--ServerSession(1499588909)--Connection(2085813377)--DROP TABLE TBONOS
[EL Fine]: sql: 2018-01-07 23:06:35.074--ServerSession(1499588909)--CALL 1
[EL Fine]: sql: 2018-01-07 23:06:35.074--ServerSession(1499588909)--Connection(2085813377)--DROP TABLE TAVERIAS
[EL Fine]: sql: 2018-01-07 23:06:35.074--ServerSession(1499588909)--CALL 1
[EL Fine]: sql: 2018-01-07 23:06:35.075--ServerSession(1499588909)--Connection(2085813377)--DROP TABLE TFACTURAS
[EL Fine]: sql: 2018-01-07 23:06:35.075--ServerSession(1499588909)--CALL 1
[EL Fine]: sql: 2018-01-07 23:06:35.075--ServerSession(1499588909)--Connection(2085813377)--DROP TABLE TRECOMENDACIONES
[EL Fine]: sql: 2018-01-07 23:06:35.076--ServerSession(1499588909)--CALL 1
[EL Fine]: sql: 2018-01-07 23:06:35.076--ServerSession(1499588909)--Connection(2085813377)--DROP TABLE TSUSTITUCIONES
[EL Fine]: sql: 2018-01-07 23:06:35.076--ServerSession(1499588909)--CALL 1
[EL Fine]: sql: 2018-01-07 23:06:35.077--ServerSession(1499588909)--Connection(2085813377)--DROP TABLE TMEDIOSPAGO
[EL Fine]: sql: 2018-01-07 23:06:35.077--ServerSession(1499588909)--CALL 1
[EL Fine]: sql: 2018-01-07 23:06:35.077--ServerSession(1499588909)--Connection(2085813377)--DROP TABLE TMETALICOS
[EL Fine]: sql: 2018-01-07 23:06:35.078--ServerSession(1499588909)--CALL 1
[EL Fine]: sql: 2018-01-07 23:06:35.078--ServerSession(1499588909)--Connection(2085813377)--DROP TABLE TTARJETASCREDITO
[EL Fine]: sql: 2018-01-07 23:06:35.078--ServerSession(1499588909)--CALL 1
[EL Fine]: sql: 2018-01-07 23:06:35.079--ServerSession(1499588909)--Connection(2085813377)--DROP TABLE TCLIENTES
[EL Fine]: sql: 2018-01-07 23:06:35.079--ServerSession(1499588909)--CALL 1
[EL Fine]: sql: 2018-01-07 23:06:35.079--ServerSession(1499588909)--Connection(2085813377)--DROP TABLE TCARGOS
[EL Fine]: sql: 2018-01-07 23:06:35.079--ServerSession(1499588909)--CALL 1
[EL Fine]: sql: 2018-01-07 23:06:35.08--ServerSession(1499588909)--Connection(2085813377)--DROP TABLE TMECANICOS
[EL Fine]: sql: 2018-01-07 23:06:35.08--ServerSession(1499588909)--CALL 1
[EL Fine]: sql: 2018-01-07 23:06:35.081--ServerSession(1499588909)--Connection(2085813377)--DROP TABLE TTIPOSVEHICULO
[EL Fine]: sql: 2018-01-07 23:06:35.081--ServerSession(1499588909)--CALL 1
[EL Fine]: sql: 2018-01-07 23:06:35.081--ServerSession(1499588909)--Connection(2085813377)--DROP TABLE TINTERVENCIONES
[EL Fine]: sql: 2018-01-07 23:06:35.082--ServerSession(1499588909)--CALL 1
[EL Fine]: sql: 2018-01-07 23:06:35.082--ServerSession(1499588909)--Connection(2085813377)--DROP TABLE TREPUESTOS
[EL Fine]: sql: 2018-01-07 23:06:35.083--ServerSession(1499588909)--CALL 1
[EL Fine]: sql: 2018-01-07 23:06:35.083--ServerSession(1499588909)--Connection(2085813377)--DROP TABLE TVEHICULOS
[EL Fine]: sql: 2018-01-07 23:06:35.083--ServerSession(1499588909)--CALL 1
[EL Fine]: sql: 2018-01-07 23:06:35.084--ServerSession(1499588909)--Connection(2085813377)--DROP TABLE TBONOS
[EL Fine]: sql: 2018-01-07 23:06:35.084--ServerSession(1499588909)--CALL 1
[EL Fine]: sql: 2018-01-07 23:06:35.084--ServerSession(1499588909)--Connection(2085813377)--DROP TABLE TAVERIAS
[EL Fine]: sql: 2018-01-07 23:06:35.085--ServerSession(1499588909)--CALL 1
[EL Fine]: sql: 2018-01-07 23:06:35.085--ServerSession(1499588909)--Connection(2085813377)--DROP TABLE TFACTURAS
[EL Fine]: sql: 2018-01-07 23:06:35.085--ServerSession(1499588909)--CALL 1
[EL Fine]: sql: 2018-01-07 23:06:35.086--ServerSession(1499588909)--Connection(2085813377)--CREATE TABLE TRECOMENDACIONES (ID BIGINT GENERATED BY DEFAULT AS IDENTITY (START WITH 1 INCREMENT BY 1) NOT NULL, USADA_BONO BOOLEAN, RECOMENDADOS_ID BIGINT, RECOMENDADOR_ID BIGINT, PRIMARY KEY (ID))
[EL Fine]: sql: 2018-01-07 23:06:35.087--ServerSession(1499588909)--Connection(2085813377)--CREATE TABLE TSUSTITUCIONES (ID BIGINT GENERATED BY DEFAULT AS IDENTITY (START WITH 1 INCREMENT BY 1) NOT NULL, CANTIDAD INTEGER, INTERVENCION_ID BIGINT, REPUESTO_ID BIGINT, PRIMARY KEY (ID))
[EL Fine]: sql: 2018-01-07 23:06:35.088--ServerSession(1499588909)--Connection(2085813377)--CREATE TABLE TMEDIOSPAGO (ID BIGINT GENERATED BY DEFAULT AS IDENTITY (START WITH 1 INCREMENT BY 1) NOT NULL, DTYPE VARCHAR(31), ACUMULADO REAL, CLIENTE_ID BIGINT, PRIMARY KEY (ID))
[EL Fine]: sql: 2018-01-07 23:06:35.089--ServerSession(1499588909)--Connection(2085813377)--CREATE TABLE TMETALICOS (ID BIGINT NOT NULL, PRIMARY KEY (ID))
[EL Fine]: sql: 2018-01-07 23:06:35.089--ServerSession(1499588909)--Connection(2085813377)--CREATE TABLE TTARJETASCREDITO (ID BIGINT NOT NULL, NUMERO VARCHAR(255), TIPO VARCHAR(255), VALIDEZ DATE, PRIMARY KEY (ID))
[EL Fine]: sql: 2018-01-07 23:06:35.09--ServerSession(1499588909)--Connection(2085813377)--CREATE TABLE TCLIENTES (ID BIGINT GENERATED BY DEFAULT AS IDENTITY (START WITH 1 INCREMENT BY 1) NOT NULL, APELLIDOS VARCHAR(255), DNI VARCHAR(255), EMAIL VARCHAR(255), NOMBRE VARCHAR(255), PHONE VARCHAR(255), CITY VARCHAR(255), STREET VARCHAR(255), ZIPCODE VARCHAR(255), RRECIBIDA_ID BIGINT, PRIMARY KEY (ID))
[EL Fine]: sql: 2018-01-07 23:06:35.091--ServerSession(1499588909)--Connection(2085813377)--CREATE TABLE TCARGOS (ID BIGINT GENERATED BY DEFAULT AS IDENTITY (START WITH 1 INCREMENT BY 1) NOT NULL, IMPORTE REAL, FACTURA_ID BIGINT, MEDIOPAGO_ID BIGINT, PRIMARY KEY (ID))
[EL Fine]: sql: 2018-01-07 23:06:35.091--ServerSession(1499588909)--Connection(2085813377)--CREATE TABLE TMECANICOS (ID BIGINT GENERATED BY DEFAULT AS IDENTITY (START WITH 1 INCREMENT BY 1) NOT NULL, APELLIDOS VARCHAR(255), DNI VARCHAR(255), NOMBRE VARCHAR(255), PRIMARY KEY (ID))
[EL Fine]: sql: 2018-01-07 23:06:35.092--ServerSession(1499588909)--Connection(2085813377)--CREATE TABLE TTIPOSVEHICULO (ID BIGINT GENERATED BY DEFAULT AS IDENTITY (START WITH 1 INCREMENT BY 1) NOT NULL, NOMBRE VARCHAR(255), PRECIOHORA REAL, PRIMARY KEY (ID))
[EL Fine]: sql: 2018-01-07 23:06:35.092--ServerSession(1499588909)--Connection(2085813377)--CREATE TABLE TINTERVENCIONES (ID BIGINT GENERATED BY DEFAULT AS IDENTITY (START WITH 1 INCREMENT BY 1) NOT NULL, MINUTOS INTEGER, AVERIA_ID BIGINT, MECANICO_ID BIGINT, PRIMARY KEY (ID))
[EL Fine]: sql: 2018-01-07 23:06:35.093--ServerSession(1499588909)--Connection(2085813377)--CREATE TABLE TREPUESTOS (ID BIGINT GENERATED BY DEFAULT AS IDENTITY (START WITH 1 INCREMENT BY 1) NOT NULL, CODIGO VARCHAR(255), DESCRIPCION VARCHAR(255), PRECIO REAL, PRIMARY KEY (ID))
[EL Fine]: sql: 2018-01-07 23:06:35.094--ServerSession(1499588909)--Connection(2085813377)--CREATE TABLE TVEHICULOS (ID BIGINT GENERATED BY DEFAULT AS IDENTITY (START WITH 1 INCREMENT BY 1) NOT NULL, MARCA VARCHAR(255), MATRICULA VARCHAR(255), MODELO VARCHAR(255), NUM_AVERIAS INTEGER, CLIENTE_ID BIGINT, TIPO_ID BIGINT, PRIMARY KEY (ID))
[EL Fine]: sql: 2018-01-07 23:06:35.094--ServerSession(1499588909)--Connection(2085813377)--CREATE TABLE TBONOS (ID BIGINT NOT NULL, CODIGO VARCHAR(255), DESCRIPCION VARCHAR(255), DISPONIBLE REAL, PRIMARY KEY (ID))
[EL Fine]: sql: 2018-01-07 23:06:35.095--ServerSession(1499588909)--Connection(2085813377)--CREATE TABLE TAVERIAS (ID BIGINT GENERATED BY DEFAULT AS IDENTITY (START WITH 1 INCREMENT BY 1) NOT NULL, DESCRIPCION VARCHAR(255), FECHA DATE, IMPORTE REAL, STATUS VARCHAR(255), USADA_BONO BOOLEAN, FACTURA_ID BIGINT, MECANICO_ID BIGINT, VEHICULO_ID BIGINT, PRIMARY KEY (ID))
[EL Fine]: sql: 2018-01-07 23:06:35.095--ServerSession(1499588909)--Connection(2085813377)--CREATE TABLE TFACTURAS (ID BIGINT GENERATED BY DEFAULT AS IDENTITY (START WITH 1 INCREMENT BY 1) NOT NULL, FECHA DATE, IMPORTE REAL, IVA REAL, NUMERO BIGINT, STATUS VARCHAR(255), USADA_BONO BOOLEAN, PRIMARY KEY (ID))
[EL Fine]: sql: 2018-01-07 23:06:35.096--ServerSession(1499588909)--Connection(2085813377)--ALTER TABLE TSUSTITUCIONES ADD CONSTRAINT UNQ_TSUSTITUCIONES_0 UNIQUE (REPUESTO_ID, INTERVENCION_ID)
[EL Fine]: sql: 2018-01-07 23:06:35.097--ServerSession(1499588909)--Connection(2085813377)--ALTER TABLE TTARJETASCREDITO ADD CONSTRAINT UNQ_TTARJETASCREDITO_1 UNIQUE (NUMERO)
[EL Fine]: sql: 2018-01-07 23:06:35.097--ServerSession(1499588909)--Connection(2085813377)--ALTER TABLE TCLIENTES ADD CONSTRAINT UNQ_TCLIENTES_2 UNIQUE (DNI)
[EL Fine]: sql: 2018-01-07 23:06:35.098--ServerSession(1499588909)--Connection(2085813377)--ALTER TABLE TCARGOS ADD CONSTRAINT UNQ_TCARGOS_0 UNIQUE (MEDIO_PAGO, FACTURA_ID)
[EL Fine]: sql: 2018-01-07 23:06:35.098--ServerSession(1499588909)--CALL 1
[EL Warning]: 2018-01-07 23:06:35.098--ServerSession(1499588909)--Exception [EclipseLink-4002] (Eclipse Persistence Services - 2.6.4.v20160829-44060b6): org.eclipse.persistence.exceptions.DatabaseException
Internal Exception: java.sql.SQLSyntaxErrorException: usuario no tiene privilegios suficientes o objeto no encontrado: MEDIO_PAGO
Error Code: -5501
Call: ALTER TABLE TCARGOS ADD CONSTRAINT UNQ_TCARGOS_0 UNIQUE (MEDIO_PAGO, FACTURA_ID)
Query: DataModifyQuery(sql="ALTER TABLE TCARGOS ADD CONSTRAINT UNQ_TCARGOS_0 UNIQUE (MEDIO_PAGO, FACTURA_ID)")
[EL Fine]: sql: 2018-01-07 23:06:35.099--ServerSession(1499588909)--Connection(2085813377)--ALTER TABLE TMECANICOS ADD CONSTRAINT UNQ_TMECANICOS_2 UNIQUE (DNI)
[EL Fine]: sql: 2018-01-07 23:06:35.1--ServerSession(1499588909)--Connection(2085813377)--ALTER TABLE TTIPOSVEHICULO ADD CONSTRAINT UNQ_TTIPOSVEHICULO_1 UNIQUE (NOMBRE)
[EL Fine]: sql: 2018-01-07 23:06:35.101--ServerSession(1499588909)--Connection(2085813377)--ALTER TABLE TINTERVENCIONES ADD CONSTRAINT UNQ_TINTERVENCIONES_0 UNIQUE (AVERIA_ID, MECANICO_ID)
[EL Fine]: sql: 2018-01-07 23:06:35.101--ServerSession(1499588909)--Connection(2085813377)--ALTER TABLE TREPUESTOS ADD CONSTRAINT UNQ_TREPUESTOS_1 UNIQUE (CODIGO)
[EL Fine]: sql: 2018-01-07 23:06:35.102--ServerSession(1499588909)--Connection(2085813377)--ALTER TABLE TVEHICULOS ADD CONSTRAINT UNQ_TVEHICULOS_2 UNIQUE (MATRICULA)
[EL Fine]: sql: 2018-01-07 23:06:35.102--ServerSession(1499588909)--Connection(2085813377)--ALTER TABLE TBONOS ADD CONSTRAINT UNQ_TBONOS_1 UNIQUE (CODIGO)
[EL Fine]: sql: 2018-01-07 23:06:35.103--ServerSession(1499588909)--Connection(2085813377)--ALTER TABLE TAVERIAS ADD CONSTRAINT UNQ_TAVERIAS_0 UNIQUE (VEHICULO_ID, FECHA)
[EL Fine]: sql: 2018-01-07 23:06:35.104--ServerSession(1499588909)--Connection(2085813377)--ALTER TABLE TFACTURAS ADD CONSTRAINT UNQ_TFACTURAS_4 UNIQUE (NUMERO)
[EL Fine]: sql: 2018-01-07 23:06:35.105--ServerSession(1499588909)--Connection(2085813377)--ALTER TABLE TRECOMENDACIONES ADD CONSTRAINT FK_TRECOMENDACIONES_RECOMENDADOS_ID FOREIGN KEY (RECOMENDADOS_ID) REFERENCES TCLIENTES (ID)
[EL Fine]: sql: 2018-01-07 23:06:35.106--ServerSession(1499588909)--Connection(2085813377)--ALTER TABLE TRECOMENDACIONES ADD CONSTRAINT FK_TRECOMENDACIONES_RECOMENDADOR_ID FOREIGN KEY (RECOMENDADOR_ID) REFERENCES TCLIENTES (ID)
[EL Fine]: sql: 2018-01-07 23:06:35.107--ServerSession(1499588909)--Connection(2085813377)--ALTER TABLE TSUSTITUCIONES ADD CONSTRAINT FK_TSUSTITUCIONES_INTERVENCION_ID FOREIGN KEY (INTERVENCION_ID) REFERENCES TINTERVENCIONES (ID)
[EL Fine]: sql: 2018-01-07 23:06:35.108--ServerSession(1499588909)--Connection(2085813377)--ALTER TABLE TSUSTITUCIONES ADD CONSTRAINT FK_TSUSTITUCIONES_REPUESTO_ID FOREIGN KEY (REPUESTO_ID) REFERENCES TREPUESTOS (ID)
[EL Fine]: sql: 2018-01-07 23:06:35.108--ServerSession(1499588909)--Connection(2085813377)--ALTER TABLE TMEDIOSPAGO ADD CONSTRAINT FK_TMEDIOSPAGO_CLIENTE_ID FOREIGN KEY (CLIENTE_ID) REFERENCES TCLIENTES (ID)
[EL Fine]: sql: 2018-01-07 23:06:35.109--ServerSession(1499588909)--Connection(2085813377)--ALTER TABLE TMETALICOS ADD CONSTRAINT FK_TMETALICOS_ID FOREIGN KEY (ID) REFERENCES TMEDIOSPAGO (ID)
[EL Fine]: sql: 2018-01-07 23:06:35.11--ServerSession(1499588909)--Connection(2085813377)--ALTER TABLE TTARJETASCREDITO ADD CONSTRAINT FK_TTARJETASCREDITO_ID FOREIGN KEY (ID) REFERENCES TMEDIOSPAGO (ID)
[EL Fine]: sql: 2018-01-07 23:06:35.11--ServerSession(1499588909)--Connection(2085813377)--ALTER TABLE TCLIENTES ADD CONSTRAINT FK_TCLIENTES_RRECIBIDA_ID FOREIGN KEY (RRECIBIDA_ID) REFERENCES TRECOMENDACIONES (ID)
[EL Fine]: sql: 2018-01-07 23:06:35.111--ServerSession(1499588909)--Connection(2085813377)--ALTER TABLE TCARGOS ADD CONSTRAINT FK_TCARGOS_FACTURA_ID FOREIGN KEY (FACTURA_ID) REFERENCES TFACTURAS (ID)
[EL Fine]: sql: 2018-01-07 23:06:35.111--ServerSession(1499588909)--Connection(2085813377)--ALTER TABLE TCARGOS ADD CONSTRAINT FK_TCARGOS_MEDIOPAGO_ID FOREIGN KEY (MEDIOPAGO_ID) REFERENCES TMEDIOSPAGO (ID)
[EL Fine]: sql: 2018-01-07 23:06:35.112--ServerSession(1499588909)--Connection(2085813377)--ALTER TABLE TINTERVENCIONES ADD CONSTRAINT FK_TINTERVENCIONES_MECANICO_ID FOREIGN KEY (MECANICO_ID) REFERENCES TMECANICOS (ID)
[EL Fine]: sql: 2018-01-07 23:06:35.112--ServerSession(1499588909)--Connection(2085813377)--ALTER TABLE TINTERVENCIONES ADD CONSTRAINT FK_TINTERVENCIONES_AVERIA_ID FOREIGN KEY (AVERIA_ID) REFERENCES TAVERIAS (ID)
[EL Fine]: sql: 2018-01-07 23:06:35.113--ServerSession(1499588909)--Connection(2085813377)--ALTER TABLE TVEHICULOS ADD CONSTRAINT FK_TVEHICULOS_TIPO_ID FOREIGN KEY (TIPO_ID) REFERENCES TTIPOSVEHICULO (ID)
[EL Fine]: sql: 2018-01-07 23:06:35.114--ServerSession(1499588909)--Connection(2085813377)--ALTER TABLE TVEHICULOS ADD CONSTRAINT FK_TVEHICULOS_CLIENTE_ID FOREIGN KEY (CLIENTE_ID) REFERENCES TCLIENTES (ID)
[EL Fine]: sql: 2018-01-07 23:06:35.115--ServerSession(1499588909)--Connection(2085813377)--ALTER TABLE TBONOS ADD CONSTRAINT FK_TBONOS_ID FOREIGN KEY (ID) REFERENCES TMEDIOSPAGO (ID)
[EL Fine]: sql: 2018-01-07 23:06:35.115--ServerSession(1499588909)--Connection(2085813377)--ALTER TABLE TAVERIAS ADD CONSTRAINT FK_TAVERIAS_FACTURA_ID FOREIGN KEY (FACTURA_ID) REFERENCES TFACTURAS (ID)
[EL Fine]: sql: 2018-01-07 23:06:35.116--ServerSession(1499588909)--Connection(2085813377)--ALTER TABLE TAVERIAS ADD CONSTRAINT FK_TAVERIAS_VEHICULO_ID FOREIGN KEY (VEHICULO_ID) REFERENCES TVEHICULOS (ID)
[EL Fine]: sql: 2018-01-07 23:06:35.117--ServerSession(1499588909)--Connection(2085813377)--ALTER TABLE TAVERIAS ADD CONSTRAINT FK_TAVERIAS_MECANICO_ID FOREIGN KEY (MECANICO_ID) REFERENCES TMECANICOS (ID)
[EL Info]: connection: 2018-01-07 23:06:35.131--ServerSession(1499588909)--/file:/C:/Users/igm1990/Desktop/RI-Gauss/2_cws_map_to_db_skel2_ampliacion/target/classes/_carworkshop logout successful
